app/build/intermediates/manifest_merge_blame_file/release/processReleaseMainManifest/manifest-merger-blame-release-report.txt
1<?xml version="1.0" encoding="utf-8"?>
2<manifest xmlns:android="http://schemas.android.com/apk/res/android"
3    package="com.aribennett.portalnav"
4    android:versionCode="1"
5    android:versionName="1.0" >
6
7    <uses-sdk
8        android:minSdkVersion="28"
9        android:targetSdkVersion="29" />
10
11    <uses-permission android:name="android.permission.RECEIVE_BOOT_COMPLETED" />
11-->src/main/AndroidManifest.xml:4:5-81
11-->src/main/AndroidManifest.xml:4:22-78
12    <uses-permission android:name="android.permission.INTERNET" />
12-->src/main/AndroidManifest.xml:5:5-67
12-->src/main/AndroidManifest.xml:5:22-64
13
14    <application
14-->src/main/AndroidManifest.xml:7:5-45:19
15        android:allowBackup="false"
15-->src/main/AndroidManifest.xml:8:9-36
16        android:extractNativeLibs="false"
17        android:icon="@drawable/ic_launcher"
17-->src/main/AndroidManifest.xml:9:9-45
18        android:label="@string/app_name"
18-->src/main/AndroidManifest.xml:11:9-41
19        android:roundIcon="@drawable/ic_launcher"
19-->src/main/AndroidManifest.xml:10:9-50
20        android:theme="@style/AppTheme"
20-->src/main/AndroidManifest.xml:12:9-40
21        android:usesCleartextTraffic="false" >
21-->src/main/AndroidManifest.xml:13:9-45
22        <activity
22-->src/main/AndroidManifest.xml:15:9-26:20
23            android:name="com.aribennett.portalnav.MainActivity"
23-->src/main/AndroidManifest.xml:16:13-41
24            android:exported="true"
24-->src/main/AndroidManifest.xml:17:13-36
25            android:icon="@drawable/ic_launcher"
25-->src/main/AndroidManifest.xml:18:13-49
26            android:label="@string/app_name" >
26-->src/main/AndroidManifest.xml:19:13-45
27            <intent-filter>
27-->src/main/AndroidManifest.xml:20:13-25:29
28                <action android:name="android.intent.action.MAIN" />
28-->src/main/AndroidManifest.xml:21:17-69
28-->src/main/AndroidManifest.xml:21:25-66
29
30                <category android:name="android.intent.category.LAUNCHER" />
30-->src/main/AndroidManifest.xml:22:17-77
30-->src/main/AndroidManifest.xml:22:27-74
31                <category android:name="android.intent.category.HOME" />
31-->src/main/AndroidManifest.xml:23:17-73
31-->src/main/AndroidManifest.xml:23:27-70
32                <category android:name="android.intent.category.DEFAULT" />
32-->src/main/AndroidManifest.xml:24:17-76
32-->src/main/AndroidManifest.xml:24:27-73
33            </intent-filter>
34        </activity>
35        <activity
35-->src/main/AndroidManifest.xml:28:9-34:54
36            android:name="com.aribennett.portalnav.SlideshowActivity"
36-->src/main/AndroidManifest.xml:29:13-46
37            android:configChanges="keyboardHidden|orientation|screenSize"
37-->src/main/AndroidManifest.xml:30:13-74
38            android:excludeFromRecents="true"
38-->src/main/AndroidManifest.xml:31:13-46
39            android:exported="false"
39-->src/main/AndroidManifest.xml:32:13-37
40            android:launchMode="singleTask"
40-->src/main/AndroidManifest.xml:33:13-44
41            android:screenOrientation="fullSensor" />
41-->src/main/AndroidManifest.xml:34:13-51
42
43        <receiver
43-->src/main/AndroidManifest.xml:36:9-44:20
44            android:name="com.aribennett.portalnav.BootReceiver"
44-->src/main/AndroidManifest.xml:37:13-41
45            android:enabled="true"
45-->src/main/AndroidManifest.xml:38:13-35
46            android:exported="false" >
46-->src/main/AndroidManifest.xml:39:13-37
47            <intent-filter>
47-->src/main/AndroidManifest.xml:40:13-43:29
48                <action android:name="android.intent.action.BOOT_COMPLETED" />
48-->src/main/AndroidManifest.xml:41:17-79
48-->src/main/AndroidManifest.xml:41:25-76
49                <action android:name="android.intent.action.LOCKED_BOOT_COMPLETED" />
49-->src/main/AndroidManifest.xml:42:17-86
49-->src/main/AndroidManifest.xml:42:25-83
50            </intent-filter>
51        </receiver>
52    </application>
53
54</manifest>